## PILOT-EXTERNAL-WORKER-DISPATCH-VALIDATION — 完成

### 结果：验证成功 ✅

根据 Worker Prompt Contract 和 Anti-Stall 合约，完成了 L0 试点调度验证。

### 写入的文件

| 文件 | 操作 |
|------|------|
| `.omo/workers/runs/pilot-codebuddy-review-20260530-2149-review.md` | 从占位符填充为完整审查笔记 |
| `.omo/tasks/active/PILOT-external-worker-dispatch-validation.yaml` | 状态从 `in_progress` → `review` |

### 验收标准检查

| 标准 | 结果 |
|------|------|
| Worker 消费调度数据包并写入审查工件 | ✅ 审查笔记已写入 |
| Worker 将任务更新为 `review` 且未标记 `done` | ✅ `status: review` |
| 审查工件包含摘要、证据、风险和下一步建议 | ✅ 全部包含 |
| 未修改全局治理状态文件 | ✅ 仅写入声明路径 |

### 识别的风险（3项，详见审查笔记）

1. 调度记录 `dispatch_state` 仍为 `dispatched`，协调者需更新为 `running`
2. 读取预算（5 次）超出 2 次——数据包工件（信封/调度记录）未计入预算
3. 回收流程未在实际演练中测试

### 下一步建议

协调者应将调度记录更新为 `running` 状态，设置时间戳，然后审查并完成关闭或通过第二个 Worker 测试回收流程。
